Started GET "/" for 127.0.0.1 at 2024-10-02 10:15:13 -0500
  [1m[35m (3.4ms)[0m  [1m[35mCREATE TABLE "schema_migrations" ("version" varchar NOT NULL PRIMARY KEY)[0m
  [1m[35m (0.9ms)[0m  [1m[35mCREATE TABLE "ar_internal_metadata" ("key" varchar NOT NULL PRIMARY KEY, "value" varchar, "created_at" datetime(6) NOT NULL, "updated_at" datetime(6) NOT NULL)[0m
  [1m[36mActiveRecord::SchemaMigration Load (0.1ms)[0m  [1m[34mSELECT "schema_migrations"."version" FROM "schema_migrations" ORDER BY "schema_migrations"."version" ASC[0m
  
ActiveRecord::PendingMigrationError (

Migrations are pending. To resolve this issue, run:

        bin/rails db:migrate

You have 6 pending migrations:

db/migrate/20240929045348_create_items.rb
db/migrate/20240929050420_create_notes.rb
db/migrate/20240929050855_create_users.rb
db/migrate/20240929051902_create_events.rb
db/migrate/20241002052921_add_oauth_details_to_users.rb
db/migrate/20241002063008_add_first_and_last_name_to_users.rb


):
  
activerecord (7.2.1) lib/active_record/migration.rb:756:in `check_pending_migrations'
activerecord (7.2.1) lib/active_record/migration.rb:663:in `block (2 levels) in call'
activesupport (7.2.1) lib/active_support/file_update_checker.rb:85:in `execute'
activerecord (7.2.1) lib/active_record/migration.rb:668:in `block in call'
activerecord (7.2.1) lib/active_record/migration.rb:660:in `synchronize'
activerecord (7.2.1) lib/active_record/migration.rb:660:in `call'
actionpack (7.2.1) lib/action_dispatch/middleware/callbacks.rb:31:in `block in call'
activesupport (7.2.1) lib/active_support/callbacks.rb:101:in `run_callbacks'
actionpack (7.2.1) lib/action_dispatch/middleware/callbacks.rb:30:in `call'
actionpack (7.2.1) lib/action_dispatch/middleware/executor.rb:16:in `call'
actionpack (7.2.1) lib/action_dispatch/middleware/actionable_exceptions.rb:18:in `call'
actionpack (7.2.1) lib/action_dispatch/middleware/debug_exceptions.rb:31:in `call'
web-console (4.2.1) lib/web_console/middleware.rb:132:in `call_app'
web-console (4.2.1) lib/web_console/middleware.rb:28:in `block in call'
web-console (4.2.1) lib/web_console/middleware.rb:17:in `catch'
web-console (4.2.1) lib/web_console/middleware.rb:17:in `call'
actionpack (7.2.1) lib/action_dispatch/middleware/show_exceptions.rb:32:in `call'
railties (7.2.1) lib/rails/rack/logger.rb:41:in `call_app'
railties (7.2.1) lib/rails/rack/logger.rb:29:in `call'
sprockets-rails (3.5.2) lib/sprockets/rails/quiet_assets.rb:17:in `call'
actionpack (7.2.1) lib/action_dispatch/middleware/remote_ip.rb:96:in `call'
actionpack (7.2.1) lib/action_dispatch/middleware/request_id.rb:33:in `call'
rack (3.1.7) lib/rack/method_override.rb:28:in `call'
rack (3.1.7) lib/rack/runtime.rb:24:in `call'
activesupport (7.2.1) lib/active_support/cache/strategy/local_cache_middleware.rb:29:in `call'
actionpack (7.2.1) lib/action_dispatch/middleware/server_timing.rb:61:in `block in call'
actionpack (7.2.1) lib/action_dispatch/middleware/server_timing.rb:26:in `collect_events'
actionpack (7.2.1) lib/action_dispatch/middleware/server_timing.rb:60:in `call'
actionpack (7.2.1) lib/action_dispatch/middleware/executor.rb:16:in `call'
actionpack (7.2.1) lib/action_dispatch/middleware/static.rb:27:in `call'
rack (3.1.7) lib/rack/sendfile.rb:114:in `call'
actionpack (7.2.1) lib/action_dispatch/middleware/host_authorization.rb:143:in `call'
railties (7.2.1) lib/rails/engine.rb:535:in `call'
puma (6.4.3) lib/puma/configuration.rb:272:in `call'
puma (6.4.3) lib/puma/request.rb:100:in `block in handle_request'
puma (6.4.3) lib/puma/thread_pool.rb:378:in `with_force_shutdown'
puma (6.4.3) lib/puma/request.rb:99:in `handle_request'
puma (6.4.3) lib/puma/server.rb:464:in `process_client'
puma (6.4.3) lib/puma/server.rb:245:in `block in run'
puma (6.4.3) lib/puma/thread_pool.rb:155:in `block in spawn_thread'
  [1m[36mActiveRecord::InternalMetadata Load (0.3ms)[0m  [1m[34mSELECT * FROM "ar_internal_metadata" WHERE "ar_internal_metadata"."key" = ? ORDER BY "ar_internal_metadata"."key" ASC LIMIT 1[0m  [[nil, "environment"]]
  [1m[36mActiveRecord::InternalMetadata Create (0.6ms)[0m  [1m[32mINSERT INTO "ar_internal_metadata" ("key", "value", "created_at", "updated_at") VALUES ('environment', 'development', '2024-10-02 15:15:30.797398', '2024-10-02 15:15:30.797400') RETURNING "key"[0m
  [1m[36mActiveRecord::SchemaMigration Load (0.0ms)[0m  [1m[34mSELECT "schema_migrations"."version" FROM "schema_migrations" ORDER BY "schema_migrations"."version" ASC[0m
Migrating to CreateItems (20240929045348)
  [1m[36mTRANSACTION (0.0ms)[0m  [1m[36mbegin transaction[0m
  [1m[35m (0.6ms)[0m  [1m[35mCREATE TABLE "items" ("id" integer PRIMARY KEY AUTOINCREMENT NOT NULL, "item_id" varchar, "serial_number" varchar, "item_name" varchar, "category" varchar, "quality_score" integer, "currently_available" boolean, "image" varchar, "details" varchar, "created_at" datetime(6) NOT NULL, "updated_at" datetime(6) NOT NULL)[0m
  [1m[36mActiveRecord::SchemaMigration Create (0.1ms)[0m  [1m[32mINSERT INTO "schema_migrations" ("version") VALUES ('20240929045348') RETURNING "version"[0m
  [1m[36mTRANSACTION (0.1ms)[0m  [1m[36mcommit transaction[0m
Migrating to CreateNotes (20240929050420)
  [1m[36mTRANSACTION (0.0ms)[0m  [1m[36mbegin transaction[0m
  [1m[35m (0.5ms)[0m  [1m[35mCREATE TABLE "notes" ("id" integer PRIMARY KEY AUTOINCREMENT NOT NULL, "note_id" varchar, "item_id" integer NOT NULL, "msg" varchar, "user_id" integer NOT NULL, "image" varchar, "created_at" datetime(6) NOT NULL, "updated_at" datetime(6) NOT NULL, CONSTRAINT "fk_rails_722087f58f"
FOREIGN KEY ("item_id")
  REFERENCES "items" ("id")
, CONSTRAINT "fk_rails_7f2323ad43"
FOREIGN KEY ("user_id")
  REFERENCES "users" ("id")
)[0m
  [1m[35m (0.1ms)[0m  [1m[35mCREATE INDEX "index_notes_on_item_id" ON "notes" ("item_id")[0m
  [1m[35m (0.1ms)[0m  [1m[35mCREATE INDEX "index_notes_on_user_id" ON "notes" ("user_id")[0m
  [1m[36mActiveRecord::SchemaMigration Create (0.1ms)[0m  [1m[32mINSERT INTO "schema_migrations" ("version") VALUES ('20240929050420') RETURNING "version"[0m
  [1m[36mTRANSACTION (0.1ms)[0m  [1m[36mcommit transaction[0m
Migrating to CreateUsers (20240929050855)
  [1m[36mTRANSACTION (0.0ms)[0m  [1m[36mbegin transaction[0m
  [1m[35m (1.3ms)[0m  [1m[35mCREATE TABLE "users" ("id" integer PRIMARY KEY AUTOINCREMENT NOT NULL, "user_id" varchar, "name" varchar, "uin" varchar, "email" varchar, "contact_no" varchar, "role" varchar, "details" varchar, "auth_level" integer, "created_at" datetime(6) NOT NULL, "updated_at" datetime(6) NOT NULL)[0m
  [1m[36mActiveRecord::SchemaMigration Create (0.1ms)[0m  [1m[32mINSERT INTO "schema_migrations" ("version") VALUES ('20240929050855') RETURNING "version"[0m
  [1m[36mTRANSACTION (0.7ms)[0m  [1m[36mcommit transaction[0m
Migrating to CreateEvents (20240929051902)
  [1m[36mTRANSACTION (0.0ms)[0m  [1m[36mbegin transaction[0m
  [1m[35m (0.6ms)[0m  [1m[35mCREATE TABLE "events" ("id" integer PRIMARY KEY AUTOINCREMENT NOT NULL, "event_id" varchar, "item_id" integer NOT NULL, "event_type" varchar, "associated_user_id" integer NOT NULL, "associated_student_id" integer, "location" varchar, "details" varchar, "created_at" datetime(6) NOT NULL, "updated_at" datetime(6) NOT NULL, CONSTRAINT "fk_rails_a975f9d7df"
FOREIGN KEY ("item_id")
  REFERENCES "items" ("id")
, CONSTRAINT "fk_rails_9c71536d41"
FOREIGN KEY ("associated_user_id")
  REFERENCES "users" ("id")
, CONSTRAINT "fk_rails_37dc0be738"
FOREIGN KEY ("associated_student_id")
  REFERENCES "users" ("id")
)[0m
  [1m[35m (0.1ms)[0m  [1m[35mCREATE INDEX "index_events_on_item_id" ON "events" ("item_id")[0m
  [1m[35m (0.0ms)[0m  [1m[35mCREATE INDEX "index_events_on_associated_user_id" ON "events" ("associated_user_id")[0m
  [1m[35m (0.0ms)[0m  [1m[35mCREATE INDEX "index_events_on_associated_student_id" ON "events" ("associated_student_id")[0m
  [1m[36mActiveRecord::SchemaMigration Create (0.1ms)[0m  [1m[32mINSERT INTO "schema_migrations" ("version") VALUES ('20240929051902') RETURNING "version"[0m
  [1m[36mTRANSACTION (0.1ms)[0m  [1m[36mcommit transaction[0m
Migrating to AddOauthDetailsToUsers (20241002052921)
  [1m[36mTRANSACTION (0.0ms)[0m  [1m[36mbegin transaction[0m
  [1m[35m (0.7ms)[0m  [1m[35mALTER TABLE "users" ADD "provider" varchar[0m
  [1m[36mActiveRecord::SchemaMigration Create (0.0ms)[0m  [1m[32mINSERT INTO "schema_migrations" ("version") VALUES ('20241002052921') RETURNING "version"[0m
  [1m[36mTRANSACTION (0.1ms)[0m  [1m[36mcommit transaction[0m
Migrating to AddFirstAndLastNameToUsers (20241002063008)
  [1m[36mTRANSACTION (0.0ms)[0m  [1m[36mbegin transaction[0m
  [1m[35m (0.9ms)[0m  [1m[35mALTER TABLE "users" ADD "first_name" varchar[0m
  [1m[35m (0.1ms)[0m  [1m[35mALTER TABLE "users" ADD "last_name" varchar[0m
  [1m[36mActiveRecord::SchemaMigration Create (0.0ms)[0m  [1m[32mINSERT INTO "schema_migrations" ("version") VALUES ('20241002063008') RETURNING "version"[0m
  [1m[36mTRANSACTION (0.1ms)[0m  [1m[36mcommit transaction[0m
  [1m[36mActiveRecord::SchemaMigration Load (0.0ms)[0m  [1m[34mSELECT "schema_migrations"."version" FROM "schema_migrations" ORDER BY "schema_migrations"."version" ASC[0m
Started GET "/" for 127.0.0.1 at 2024-10-02 10:15:39 -0500
  [1m[36mActiveRecord::SchemaMigration Load (0.1ms)[0m  [1m[34mSELECT "schema_migrations"."version" FROM "schema_migrations" ORDER BY "schema_migrations"."version" ASC[0m
Processing by WelcomeController#index as HTML
  Rendering layout layouts/application.html.erb
  Rendering welcome/index.html.erb within layouts/application
  Rendered welcome/index.html.erb within layouts/application (Duration: 0.7ms | GC: 0.0ms)
  Rendered layout layouts/application.html.erb (Duration: 178.5ms | GC: 33.1ms)
Completed 200 OK in 206ms (Views: 181.7ms | ActiveRecord: 0.0ms (0 queries, 0 cached) | GC: 41.1ms)


Started GET "/manifest.json" for 127.0.0.1 at 2024-10-02 10:15:40 -0500
Processing by Rails::PwaController#manifest as JSON
  Rendering pwa/manifest.json.erb
  Rendered pwa/manifest.json.erb (Duration: 0.3ms | GC: 0.0ms)
Completed 200 OK in 3ms (Views: 2.6ms | ActiveRecord: 0.0ms (0 queries, 0 cached) | GC: 0.0ms)


Started POST "/auth/google_oauth2" for 127.0.0.1 at 2024-10-02 10:15:45 -0500
Started GET "/auth/google_oauth2/callback?state=524742a3ced7d5869a772b6e9cdf058eeaf9f7018554853f&code=4%2F0AVG7fiQfRaPEKLnx9jLtx79TLZn3q1hERVWRM-oTtu_Z6uKGksWOIh4tG1P0Q5o1RGUhVQ&scope=email+profile+openid+https%3A%2F%2Fwww.googleapis.com%2Fauth%2Fuserinfo.profile+https%3A%2F%2Fwww.googleapis.com%2Fauth%2Fuserinfo.email&authuser=3&hd=tamu.edu&prompt=consent" for 127.0.0.1 at 2024-10-02 10:15:49 -0500
Processing by SessionsController#omniauth as HTML
  Parameters: {"state"=>"524742a3ced7d5869a772b6e9cdf058eeaf9f7018554853f", "code"=>"4/0AVG7fiQfRaPEKLnx9jLtx79TLZn3q1hERVWRM-oTtu_Z6uKGksWOIh4tG1P0Q5o1RGUhVQ", "scope"=>"email profile openid https://www.googleapis.com/auth/userinfo.profile https://www.googleapis.com/auth/userinfo.email", "authuser"=>"3", "hd"=>"tamu.edu", "prompt"=>"consent"}
  [1m[36mUser Load (0.9ms)[0m  [1m[34mSELECT "users".* FROM "users" WHERE "users"."user_id" IS NULL AND "users"."provider" = ? LIMIT ?[0m  [["provider", "google_oauth2"], ["LIMIT", 1]]
  ↳ app/controllers/sessions_controller.rb:12:in `omniauth'
  [1m[36mTRANSACTION (0.0ms)[0m  [1m[36mbegin transaction[0m
  ↳ app/controllers/sessions_controller.rb:12:in `omniauth'
  [1m[36mUser Create (0.3ms)[0m  [1m[32mINSERT INTO "users" ("user_id", "name", "uin", "email", "contact_no", "role", "details", "auth_level", "created_at", "updated_at", "provider", "first_name", "last_name") VALUES (?, ?, ?, ?, ?, ?, ?, ?, ?, ?, ?, ?, ?) RETURNING "id"[0m  [["user_id", nil], ["name", nil], ["uin", nil], ["email", "[FILTERED]"], ["contact_no", nil], ["role", nil], ["details", nil], ["auth_level", nil], ["created_at", "2024-10-02 15:15:49.764684"], ["updated_at", "2024-10-02 15:15:49.764684"], ["provider", "google_oauth2"], ["first_name", "Vinay"], ["last_name", "Singh"]]
  ↳ app/controllers/sessions_controller.rb:12:in `omniauth'
  [1m[36mTRANSACTION (0.3ms)[0m  [1m[36mcommit transaction[0m
  ↳ app/controllers/sessions_controller.rb:12:in `omniauth'
Redirected to http://127.0.0.1:3000/users/1
Completed 302 Found in 58ms (ActiveRecord: 5.3ms (2 queries, 0 cached) | GC: 17.0ms)


Started GET "/users/1" for 127.0.0.1 at 2024-10-02 10:15:49 -0500
Processing by UsersController#show as HTML
  Parameters: {"id"=>"1"}
  [1m[36mUser Load (0.1ms)[0m  [1m[34mSELECT "users".* FROM "users" WHERE "users"."id" = ? LIMIT ?[0m  [["id", 1], ["LIMIT", 1]]
  ↳ app/controllers/application_controller.rb:10:in `current_user'
  [1m[36mUser Load (0.0ms)[0m  [1m[34mSELECT "users".* FROM "users" WHERE "users"."id" = ? LIMIT ?[0m  [["id", 1], ["LIMIT", 1]]
  ↳ app/controllers/users_controller.rb:3:in `show'
  Rendering layout layouts/application.html.erb
  Rendering users/show.html.erb within layouts/application
  Rendered users/show.html.erb within layouts/application (Duration: 0.5ms | GC: 0.0ms)
  Rendered shared/_display_flash.html.erb (Duration: 0.3ms | GC: 0.0ms)
  Rendered layout layouts/application.html.erb (Duration: 2.6ms | GC: 0.0ms)
Completed 200 OK in 9ms (Views: 3.6ms | ActiveRecord: 0.1ms (2 queries, 0 cached) | GC: 2.8ms)


Started GET "/manifest.json" for 127.0.0.1 at 2024-10-02 10:15:50 -0500
Processing by Rails::PwaController#manifest as JSON
  Rendering pwa/manifest.json.erb
  Rendered pwa/manifest.json.erb (Duration: 0.1ms | GC: 0.0ms)
Completed 200 OK in 1ms (Views: 0.5ms | ActiveRecord: 0.0ms (0 queries, 0 cached) | GC: 0.0ms)


Started GET "/users/1" for 127.0.0.1 at 2024-10-02 10:18:02 -0500
Processing by UsersController#show as HTML
  Parameters: {"id"=>"1"}
  [1m[36mUser Load (0.1ms)[0m  [1m[34mSELECT "users".* FROM "users" WHERE "users"."id" = ? LIMIT ?[0m  [["id", 1], ["LIMIT", 1]]
  ↳ app/controllers/application_controller.rb:10:in `current_user'
  [1m[36mUser Load (0.0ms)[0m  [1m[34mSELECT "users".* FROM "users" WHERE "users"."id" = ? LIMIT ?[0m  [["id", 1], ["LIMIT", 1]]
  ↳ app/controllers/users_controller.rb:3:in `show'
  Rendering layout layouts/application.html.erb
  Rendering users/show.html.erb within layouts/application
  Rendered users/show.html.erb within layouts/application (Duration: 0.6ms | GC: 0.0ms)
  Rendered layout layouts/application.html.erb (Duration: 12.1ms | GC: 0.0ms)
Completed 200 OK in 23ms (Views: 13.3ms | ActiveRecord: 1.4ms (2 queries, 0 cached) | GC: 0.0ms)


Started GET "/manifest.json" for 127.0.0.1 at 2024-10-02 10:18:03 -0500
Processing by Rails::PwaController#manifest as JSON
  Rendering pwa/manifest.json.erb
  Rendered pwa/manifest.json.erb (Duration: 0.3ms | GC: 0.0ms)
Completed 200 OK in 3ms (Views: 1.8ms | ActiveRecord: 0.0ms (0 queries, 0 cached) | GC: 0.0ms)


Started GET "/items" for 127.0.0.1 at 2024-10-02 10:18:05 -0500
Processing by ItemsController#index as HTML
  [1m[36mUser Load (0.1ms)[0m  [1m[34mSELECT "users".* FROM "users" WHERE "users"."id" = ? LIMIT ?[0m  [["id", 1], ["LIMIT", 1]]
  ↳ app/controllers/application_controller.rb:10:in `current_user'
  Rendering layout layouts/application.html.erb
  Rendering items/index.html.erb within layouts/application
  [1m[36mItem Load (0.2ms)[0m  [1m[34mSELECT "items".* FROM "items"[0m
  ↳ app/views/items/index.html.erb:16
  Rendered items/index.html.erb within layouts/application (Duration: 1.8ms | GC: 0.0ms)
  Rendered layout layouts/application.html.erb (Duration: 13.1ms | GC: 9.5ms)
Completed 200 OK in 19ms (Views: 13.7ms | ActiveRecord: 0.3ms (2 queries, 0 cached) | GC: 9.5ms)


  [1m[36mItem Load (3.3ms)[0m  [1m[34mSELECT "items".* FROM "items" /* loading for pp */ LIMIT ?[0m  [["LIMIT", 11]]
  [1m[36mActiveRecord::SchemaMigration Load (0.1ms)[0m  [1m[34mSELECT "schema_migrations"."version" FROM "schema_migrations" ORDER BY "schema_migrations"."version" ASC[0m
  [1m[36mItem Load (0.1ms)[0m  [1m[34mSELECT "items".* FROM "items"[0m
  [1m[36mUser Load (0.1ms)[0m  [1m[34mSELECT "users".* FROM "users"[0m
  [1m[36mTRANSACTION (0.0ms)[0m  [1m[36mbegin transaction[0m
  [1m[36mUser Destroy (0.8ms)[0m  [1m[31mDELETE FROM "users" WHERE "users"."id" = ?[0m  [["id", 1]]
  [1m[36mTRANSACTION (0.3ms)[0m  [1m[36mcommit transaction[0m
  [1m[36mNote Load (0.0ms)[0m  [1m[34mSELECT "notes".* FROM "notes"[0m
  [1m[36mEvent Load (0.0ms)[0m  [1m[34mSELECT "events".* FROM "events"[0m
  [1m[36mTRANSACTION (0.0ms)[0m  [1m[36mbegin transaction[0m
  [1m[36mUser Create (0.6ms)[0m  [1m[32mINSERT INTO "users" ("user_id", "name", "uin", "email", "contact_no", "role", "details", "auth_level", "created_at", "updated_at", "provider", "first_name", "last_name") VALUES (?, ?, ?, ?, ?, ?, ?, ?, ?, ?, ?, ?, ?) RETURNING "id"[0m  [["user_id", "USR001"], ["name", "Philip Ritchey"], ["uin", "123456"], ["email", "[FILTERED]"], ["contact_no", "555-1234"], ["role", "professor_admin"], ["details", nil], ["auth_level", 2], ["created_at", "2024-10-02 15:20:03.186228"], ["updated_at", "2024-10-02 15:20:03.186228"], ["provider", nil], ["first_name", nil], ["last_name", nil]]
  [1m[36mTRANSACTION (0.1ms)[0m  [1m[36mcommit transaction[0m
  [1m[36mTRANSACTION (0.0ms)[0m  [1m[36mbegin transaction[0m
  [1m[36mUser Create (0.6ms)[0m  [1m[32mINSERT INTO "users" ("user_id", "name", "uin", "email", "contact_no", "role", "details", "auth_level", "created_at", "updated_at", "provider", "first_name", "last_name") VALUES (?, ?, ?, ?, ?, ?, ?, ?, ?, ?, ?, ?, ?) RETURNING "id"[0m  [["user_id", "USR002"], ["name", "Paul Taele"], ["uin", "654321"], ["email", "[FILTERED]"], ["contact_no", "555-5678"], ["role", "professor_admin"], ["details", nil], ["auth_level", 1], ["created_at", "2024-10-02 15:20:03.188444"], ["updated_at", "2024-10-02 15:20:03.188444"], ["provider", nil], ["first_name", nil], ["last_name", nil]]
  [1m[36mTRANSACTION (0.0ms)[0m  [1m[36mcommit transaction[0m
  [1m[36mTRANSACTION (0.0ms)[0m  [1m[36mbegin transaction[0m
  [1m[36mUser Create (0.6ms)[0m  [1m[32mINSERT INTO "users" ("user_id", "name", "uin", "email", "contact_no", "role", "details", "auth_level", "created_at", "updated_at", "provider", "first_name", "last_name") VALUES (?, ?, ?, ?, ?, ?, ?, ?, ?, ?, ?, ?, ?) RETURNING "id"[0m  [["user_id", "USR003"], ["name", "random TA"], ["uin", "987654"], ["email", "[FILTERED]"], ["contact_no", "555-9876"], ["role", "assistants"], ["details", nil], ["auth_level", 0], ["created_at", "2024-10-02 15:20:03.190302"], ["updated_at", "2024-10-02 15:20:03.190302"], ["provider", nil], ["first_name", nil], ["last_name", nil]]
  [1m[36mTRANSACTION (0.0ms)[0m  [1m[36mcommit transaction[0m
  [1m[36mTRANSACTION (0.0ms)[0m  [1m[36mbegin transaction[0m
  [1m[36mItem Create (0.7ms)[0m  [1m[32mINSERT INTO "items" ("item_id", "serial_number", "item_name", "category", "quality_score", "currently_available", "image", "details", "created_at", "updated_at") VALUES (?, ?, ?, ?, ?, ?, ?, ?, ?, ?) RETURNING "id"[0m  [["item_id", "ITM001"], ["serial_number", "SN12345"], ["item_name", "ipad"], ["category", "Electronics"], ["quality_score", 90], ["currently_available", 1], ["image", nil], ["details", "some desc about the ipad."], ["created_at", "2024-10-02 15:20:03.195942"], ["updated_at", "2024-10-02 15:20:03.195942"]]
  [1m[36mTRANSACTION (0.1ms)[0m  [1m[36mcommit transaction[0m
  [1m[36mTRANSACTION (0.0ms)[0m  [1m[36mbegin transaction[0m
  [1m[36mItem Create (0.7ms)[0m  [1m[32mINSERT INTO "items" ("item_id", "serial_number", "item_name", "category", "quality_score", "currently_available", "image", "details", "created_at", "updated_at") VALUES (?, ?, ?, ?, ?, ?, ?, ?, ?, ?) RETURNING "id"[0m  [["item_id", "ITM002"], ["serial_number", "SN54321"], ["item_name", "mobilePhonePixel"], ["category", "Electronics"], ["quality_score", 85], ["currently_available", 1], ["image", nil], ["details", nil], ["created_at", "2024-10-02 15:20:03.198332"], ["updated_at", "2024-10-02 15:20:03.198332"]]
  [1m[36mTRANSACTION (0.0ms)[0m  [1m[36mcommit transaction[0m
  [1m[36mTRANSACTION (0.0ms)[0m  [1m[36mbegin transaction[0m
  [1m[36mItem Create (0.6ms)[0m  [1m[32mINSERT INTO "items" ("item_id", "serial_number", "item_name", "category", "quality_score", "currently_available", "image", "details", "created_at", "updated_at") VALUES (?, ?, ?, ?, ?, ?, ?, ?, ?, ?) RETURNING "id"[0m  [["item_id", "ITM003"], ["serial_number", "SN67890"], ["item_name", "Desk Chair"], ["category", "Furniture"], ["quality_score", 75], ["currently_available", 0], ["image", nil], ["details", "comfy chair indeed!"], ["created_at", "2024-10-02 15:20:03.200310"], ["updated_at", "2024-10-02 15:20:03.200310"]]
  [1m[36mTRANSACTION (0.1ms)[0m  [1m[36mcommit transaction[0m
  [1m[36mItem Load (0.1ms)[0m  [1m[34mSELECT "items".* FROM "items" ORDER BY "items"."id" ASC LIMIT ?[0m  [["LIMIT", 1]]
  [1m[36mUser Load (0.1ms)[0m  [1m[34mSELECT "users".* FROM "users" ORDER BY "users"."id" ASC LIMIT ?[0m  [["LIMIT", 1]]
  [1m[36mItem Load (0.0ms)[0m  [1m[34mSELECT "items".* FROM "items" ORDER BY "items"."id" ASC LIMIT ? OFFSET ?[0m  [["LIMIT", 1], ["OFFSET", 1]]
  [1m[36mUser Load (0.1ms)[0m  [1m[34mSELECT "users".* FROM "users" ORDER BY "users"."id" ASC LIMIT ? OFFSET ?[0m  [["LIMIT", 1], ["OFFSET", 1]]
  [1m[36mItem Load (0.0ms)[0m  [1m[34mSELECT "items".* FROM "items" ORDER BY "items"."id" ASC LIMIT ? OFFSET ?[0m  [["LIMIT", 1], ["OFFSET", 2]]
  [1m[36mUser Load (0.0ms)[0m  [1m[34mSELECT "users".* FROM "users" ORDER BY "users"."id" ASC LIMIT ? OFFSET ?[0m  [["LIMIT", 1], ["OFFSET", 2]]
  [1m[36mTRANSACTION (0.0ms)[0m  [1m[36mbegin transaction[0m
  [1m[36mNote Create (0.7ms)[0m  [1m[32mINSERT INTO "notes" ("note_id", "item_id", "msg", "user_id", "image", "created_at", "updated_at") VALUES (?, ?, ?, ?, ?, ?, ?) RETURNING "id"[0m  [["note_id", "NOTE001"], ["item_id", 1], ["msg", "ipad in good condition, used for monitoring and cataloging."], ["user_id", 2], ["image", nil], ["created_at", "2024-10-02 15:20:03.214399"], ["updated_at", "2024-10-02 15:20:03.214399"]]
  [1m[36mTRANSACTION (0.1ms)[0m  [1m[36mcommit transaction[0m
  [1m[36mTRANSACTION (0.0ms)[0m  [1m[36mbegin transaction[0m
  [1m[36mNote Create (0.7ms)[0m  [1m[32mINSERT INTO "notes" ("note_id", "item_id", "msg", "user_id", "image", "created_at", "updated_at") VALUES (?, ?, ?, ?, ?, ?, ?) RETURNING "id"[0m  [["note_id", "NOTE002"], ["item_id", 2], ["msg", "android version recently updated."], ["user_id", 3], ["image", nil], ["created_at", "2024-10-02 15:20:03.216397"], ["updated_at", "2024-10-02 15:20:03.216397"]]
  [1m[36mTRANSACTION (0.0ms)[0m  [1m[36mcommit transaction[0m
  [1m[36mTRANSACTION (0.0ms)[0m  [1m[36mbegin transaction[0m
  [1m[36mNote Create (0.6ms)[0m  [1m[32mINSERT INTO "notes" ("note_id", "item_id", "msg", "user_id", "image", "created_at", "updated_at") VALUES (?, ?, ?, ?, ?, ?, ?) RETURNING "id"[0m  [["note_id", "NOTE003"], ["item_id", 3], ["msg", "Chair needs replacement, worn out fabric."], ["user_id", 4], ["image", nil], ["created_at", "2024-10-02 15:20:03.223879"], ["updated_at", "2024-10-02 15:20:03.223879"]]
  [1m[36mTRANSACTION (0.0ms)[0m  [1m[36mcommit transaction[0m
  [1m[36mItem Load (0.0ms)[0m  [1m[34mSELECT "items".* FROM "items" ORDER BY "items"."id" ASC LIMIT ?[0m  [["LIMIT", 1]]
  [1m[36mUser Load (0.0ms)[0m  [1m[34mSELECT "users".* FROM "users" ORDER BY "users"."id" ASC LIMIT ?[0m  [["LIMIT", 1]]
  [1m[36mItem Load (0.0ms)[0m  [1m[34mSELECT "items".* FROM "items" ORDER BY "items"."id" ASC LIMIT ? OFFSET ?[0m  [["LIMIT", 1], ["OFFSET", 1]]
  [1m[36mUser Load (0.0ms)[0m  [1m[34mSELECT "users".* FROM "users" ORDER BY "users"."id" ASC LIMIT ? OFFSET ?[0m  [["LIMIT", 1], ["OFFSET", 1]]
  [1m[36mItem Load (0.0ms)[0m  [1m[34mSELECT "items".* FROM "items" ORDER BY "items"."id" ASC LIMIT ? OFFSET ?[0m  [["LIMIT", 1], ["OFFSET", 2]]
  [1m[36mUser Load (0.0ms)[0m  [1m[34mSELECT "users".* FROM "users" ORDER BY "users"."id" ASC LIMIT ? OFFSET ?[0m  [["LIMIT", 1], ["OFFSET", 2]]
  [1m[36mTRANSACTION (0.0ms)[0m  [1m[36mbegin transaction[0m
  [1m[36mEvent Create (0.6ms)[0m  [1m[32mINSERT INTO "events" ("event_id", "item_id", "event_type", "associated_user_id", "associated_student_id", "location", "details", "created_at", "updated_at") VALUES (?, ?, ?, ?, ?, ?, ?, ?, ?) RETURNING "id"[0m  [["event_id", nil], ["item_id", 1], ["event_type", "checkedIn"], ["associated_user_id", 2], ["associated_student_id", nil], ["location", nil], ["details", nil], ["created_at", "2024-10-02 15:20:03.226723"], ["updated_at", "2024-10-02 15:20:03.226731"]]
  [1m[36mTRANSACTION (0.0ms)[0m  [1m[36mcommit transaction[0m
  [1m[36mTRANSACTION (0.0ms)[0m  [1m[36mbegin transaction[0m
  [1m[36mEvent Create (0.6ms)[0m  [1m[32mINSERT INTO "events" ("event_id", "item_id", "event_type", "associated_user_id", "associated_student_id", "location", "details", "created_at", "updated_at") VALUES (?, ?, ?, ?, ?, ?, ?, ?, ?) RETURNING "id"[0m  [["event_id", nil], ["item_id", 2], ["event_type", "checkedIn"], ["associated_user_id", 3], ["associated_student_id", nil], ["location", nil], ["details", nil], ["created_at", "2024-09-29 15:20:03.227823"], ["updated_at", "2024-09-29 15:20:03.228228"]]
  [1m[36mTRANSACTION (0.1ms)[0m  [1m[36mcommit transaction[0m
  [1m[36mTRANSACTION (0.0ms)[0m  [1m[36mbegin transaction[0m
  [1m[36mEvent Create (0.6ms)[0m  [1m[32mINSERT INTO "events" ("event_id", "item_id", "event_type", "associated_user_id", "associated_student_id", "location", "details", "created_at", "updated_at") VALUES (?, ?, ?, ?, ?, ?, ?, ?, ?) RETURNING "id"[0m  [["event_id", nil], ["item_id", 3], ["event_type", "relocated"], ["associated_user_id", 4], ["associated_student_id", nil], ["location", nil], ["details", nil], ["created_at", "2024-09-27 15:20:03.230158"], ["updated_at", "2024-09-27 15:20:03.230181"]]
  [1m[36mTRANSACTION (0.0ms)[0m  [1m[36mcommit transaction[0m
  [1m[36mItem Load (3.3ms)[0m  [1m[34mSELECT "items".* FROM "items" /* loading for pp */ LIMIT ?[0m  [["LIMIT", 11]]
Started GET "/items" for 127.0.0.1 at 2024-10-02 10:20:25 -0500
Processing by ItemsController#index as HTML
  [1m[36mUser Load (0.5ms)[0m  [1m[34mSELECT "users".* FROM "users" WHERE "users"."id" = ? LIMIT ?[0m  [["id", 1], ["LIMIT", 1]]
  ↳ app/controllers/application_controller.rb:10:in `current_user'
Completed 404 Not Found in 7ms (ActiveRecord: 0.5ms (1 query, 0 cached) | GC: 0.0ms)


  
ActiveRecord::RecordNotFound (Couldn't find User with 'id'=1):
  
app/controllers/application_controller.rb:10:in `current_user'
app/controllers/application_controller.rb:16:in `logged_in?'
app/controllers/application_controller.rb:21:in `require_login'
Started GET "/items" for 127.0.0.1 at 2024-10-02 10:20:39 -0500
Processing by ItemsController#index as HTML
  [1m[36mUser Load (0.2ms)[0m  [1m[34mSELECT "users".* FROM "users" WHERE "users"."id" = ? LIMIT ?[0m  [["id", 1], ["LIMIT", 1]]
  ↳ app/controllers/application_controller.rb:10:in `current_user'
Completed 404 Not Found in 4ms (ActiveRecord: 0.2ms (1 query, 0 cached) | GC: 0.0ms)


  
ActiveRecord::RecordNotFound (Couldn't find User with 'id'=1):
  
app/controllers/application_controller.rb:10:in `current_user'
app/controllers/application_controller.rb:16:in `logged_in?'
app/controllers/application_controller.rb:21:in `require_login'
Started GET "/" for 127.0.0.1 at 2024-10-02 10:20:41 -0500
Processing by WelcomeController#index as HTML
  [1m[36mUser Load (0.1ms)[0m  [1m[34mSELECT "users".* FROM "users" WHERE "users"."id" = ? LIMIT ?[0m  [["id", 1], ["LIMIT", 1]]
  ↳ app/controllers/application_controller.rb:10:in `current_user'
Completed 404 Not Found in 2ms (ActiveRecord: 0.1ms (1 query, 0 cached) | GC: 0.0ms)


  
ActiveRecord::RecordNotFound (Couldn't find User with 'id'=1):
  
app/controllers/application_controller.rb:10:in `current_user'
app/controllers/application_controller.rb:16:in `logged_in?'
app/controllers/welcome_controller.rb:4:in `index'
Started GET "/" for 127.0.0.1 at 2024-10-02 10:20:44 -0500
Processing by WelcomeController#index as HTML
  [1m[36mUser Load (0.2ms)[0m  [1m[34mSELECT "users".* FROM "users" WHERE "users"."id" = ? LIMIT ?[0m  [["id", 1], ["LIMIT", 1]]
  ↳ app/controllers/application_controller.rb:10:in `current_user'
Completed 404 Not Found in 5ms (ActiveRecord: 0.2ms (1 query, 0 cached) | GC: 1.5ms)


  
ActiveRecord::RecordNotFound (Couldn't find User with 'id'=1):
  
app/controllers/application_controller.rb:10:in `current_user'
app/controllers/application_controller.rb:16:in `logged_in?'
app/controllers/welcome_controller.rb:4:in `index'
Started GET "/welcome/index" for 127.0.0.1 at 2024-10-02 10:20:53 -0500
Processing by WelcomeController#index as HTML
  [1m[36mUser Load (0.1ms)[0m  [1m[34mSELECT "users".* FROM "users" WHERE "users"."id" = ? LIMIT ?[0m  [["id", 1], ["LIMIT", 1]]
  ↳ app/controllers/application_controller.rb:10:in `current_user'
Completed 404 Not Found in 2ms (ActiveRecord: 0.1ms (1 query, 0 cached) | GC: 0.0ms)


  
ActiveRecord::RecordNotFound (Couldn't find User with 'id'=1):
  
app/controllers/application_controller.rb:10:in `current_user'
app/controllers/application_controller.rb:16:in `logged_in?'
app/controllers/welcome_controller.rb:4:in `index'
  [1m[36mUser Load (3.2ms)[0m  [1m[34mSELECT "users".* FROM "users" /* loading for pp */ LIMIT ?[0m  [["LIMIT", 11]]
  [1m[36mUser Delete All (2.1ms)[0m  [1m[31mDELETE FROM "users"[0m
  [1m[36mUser Load (1.0ms)[0m  [1m[34mSELECT "users".* FROM "users" /* loading for pp */ LIMIT ?[0m  [["LIMIT", 11]]
Started GET "/welcome/index" for 127.0.0.1 at 2024-10-02 10:26:27 -0500
Processing by WelcomeController#index as HTML
  [1m[36mUser Load (0.4ms)[0m  [1m[34mSELECT "users".* FROM "users" WHERE "users"."id" = ? LIMIT ?[0m  [["id", 1], ["LIMIT", 1]]
  ↳ app/controllers/application_controller.rb:10:in `current_user'
Completed 404 Not Found in 11ms (ActiveRecord: 1.3ms (1 query, 0 cached) | GC: 4.4ms)


  
ActiveRecord::RecordNotFound (Couldn't find User with 'id'=1):
  
app/controllers/application_controller.rb:10:in `current_user'
app/controllers/application_controller.rb:16:in `logged_in?'
app/controllers/welcome_controller.rb:4:in `index'
Started GET "/welcome/index" for 127.0.0.1 at 2024-10-02 10:26:28 -0500
Processing by WelcomeController#index as HTML
  [1m[36mUser Load (0.1ms)[0m  [1m[34mSELECT "users".* FROM "users" WHERE "users"."id" = ? LIMIT ?[0m  [["id", 1], ["LIMIT", 1]]
  ↳ app/controllers/application_controller.rb:10:in `current_user'
Completed 404 Not Found in 2ms (ActiveRecord: 0.1ms (1 query, 0 cached) | GC: 0.0ms)


  
ActiveRecord::RecordNotFound (Couldn't find User with 'id'=1):
  
app/controllers/application_controller.rb:10:in `current_user'
app/controllers/application_controller.rb:16:in `logged_in?'
app/controllers/welcome_controller.rb:4:in `index'
Started GET "/" for 127.0.0.1 at 2024-10-02 10:26:34 -0500
Processing by WelcomeController#index as HTML
  [1m[36mUser Load (0.1ms)[0m  [1m[34mSELECT "users".* FROM "users" WHERE "users"."id" = ? LIMIT ?[0m  [["id", 1], ["LIMIT", 1]]
  ↳ app/controllers/application_controller.rb:10:in `current_user'
Completed 404 Not Found in 3ms (ActiveRecord: 0.1ms (1 query, 0 cached) | GC: 0.0ms)


  
ActiveRecord::RecordNotFound (Couldn't find User with 'id'=1):
  
app/controllers/application_controller.rb:10:in `current_user'
app/controllers/application_controller.rb:16:in `logged_in?'
app/controllers/welcome_controller.rb:4:in `index'
Started GET "/" for 127.0.0.1 at 2024-10-02 10:26:37 -0500
Processing by WelcomeController#index as HTML
  [1m[36mUser Load (0.1ms)[0m  [1m[34mSELECT "users".* FROM "users" WHERE "users"."id" = ? LIMIT ?[0m  [["id", 1], ["LIMIT", 1]]
  ↳ app/controllers/application_controller.rb:10:in `current_user'
Completed 404 Not Found in 3ms (ActiveRecord: 0.1ms (1 query, 0 cached) | GC: 0.0ms)


  
ActiveRecord::RecordNotFound (Couldn't find User with 'id'=1):
  
app/controllers/application_controller.rb:10:in `current_user'
app/controllers/application_controller.rb:16:in `logged_in?'
app/controllers/welcome_controller.rb:4:in `index'
Started GET "/" for 127.0.0.1 at 2024-10-02 10:27:43 -0500
Processing by WelcomeController#index as HTML
  [1m[36mUser Load (0.3ms)[0m  [1m[34mSELECT "users".* FROM "users" WHERE "users"."id" = ? LIMIT ?[0m  [["id", 1], ["LIMIT", 1]]
  ↳ app/controllers/application_controller.rb:10:in `current_user'
  Rendering layout layouts/application.html.erb
  Rendering welcome/index.html.erb within layouts/application
  Rendered welcome/index.html.erb within layouts/application (Duration: 0.6ms | GC: 0.0ms)
  Rendered layout layouts/application.html.erb (Duration: 15.1ms | GC: 3.0ms)
Completed 200 OK in 27ms (Views: 16.3ms | ActiveRecord: 1.0ms (1 query, 0 cached) | GC: 7.6ms)


Started GET "/manifest.json" for 127.0.0.1 at 2024-10-02 10:27:44 -0500
Processing by Rails::PwaController#manifest as JSON
  Rendering pwa/manifest.json.erb
  Rendered pwa/manifest.json.erb (Duration: 0.3ms | GC: 0.0ms)
Completed 200 OK in 2ms (Views: 1.3ms | ActiveRecord: 0.0ms (0 queries, 0 cached) | GC: 0.0ms)


Started POST "/auth/google_oauth2" for 127.0.0.1 at 2024-10-02 10:27:45 -0500
Started GET "/auth/google_oauth2/callback?state=6fceb9367e81b14533421a64bd186494fbf5f03033c609d9&code=4%2F0AQlEd8zIhTqidkYW6GV14VLUUfaJ1KyBB0vU31mcSOMUBJKpC7MfzgCTjvUyi65ValUNiQ&scope=email+profile+openid+https%3A%2F%2Fwww.googleapis.com%2Fauth%2Fuserinfo.profile+https%3A%2F%2Fwww.googleapis.com%2Fauth%2Fuserinfo.email&authuser=3&hd=tamu.edu&prompt=consent" for 127.0.0.1 at 2024-10-02 10:27:50 -0500
Processing by SessionsController#omniauth as HTML
  Parameters: {"state"=>"6fceb9367e81b14533421a64bd186494fbf5f03033c609d9", "code"=>"4/0AQlEd8zIhTqidkYW6GV14VLUUfaJ1KyBB0vU31mcSOMUBJKpC7MfzgCTjvUyi65ValUNiQ", "scope"=>"email profile openid https://www.googleapis.com/auth/userinfo.profile https://www.googleapis.com/auth/userinfo.email", "authuser"=>"3", "hd"=>"tamu.edu", "prompt"=>"consent"}
  [1m[36mUser Load (0.3ms)[0m  [1m[34mSELECT "users".* FROM "users" WHERE "users"."user_id" IS NULL AND "users"."provider" = ? LIMIT ?[0m  [["provider", "google_oauth2"], ["LIMIT", 1]]
  ↳ app/controllers/sessions_controller.rb:12:in `omniauth'
  [1m[36mTRANSACTION (0.1ms)[0m  [1m[36mbegin transaction[0m
  ↳ app/controllers/sessions_controller.rb:12:in `omniauth'
  [1m[36mUser Create (0.7ms)[0m  [1m[32mINSERT INTO "users" ("user_id", "name", "uin", "email", "contact_no", "role", "details", "auth_level", "created_at", "updated_at", "provider", "first_name", "last_name") VALUES (?, ?, ?, ?, ?, ?, ?, ?, ?, ?, ?, ?, ?) RETURNING "id"[0m  [["user_id", nil], ["name", nil], ["uin", nil], ["email", "[FILTERED]"], ["contact_no", nil], ["role", nil], ["details", nil], ["auth_level", nil], ["created_at", "2024-10-02 15:27:50.570007"], ["updated_at", "2024-10-02 15:27:50.570007"], ["provider", "google_oauth2"], ["first_name", "Vinay"], ["last_name", "Singh"]]
  ↳ app/controllers/sessions_controller.rb:12:in `omniauth'
  [1m[36mTRANSACTION (0.4ms)[0m  [1m[36mcommit transaction[0m
  ↳ app/controllers/sessions_controller.rb:12:in `omniauth'
Redirected to http://127.0.0.1:3000/users/5
Completed 302 Found in 15ms (ActiveRecord: 2.7ms (2 queries, 0 cached) | GC: 0.7ms)


Started GET "/users/5" for 127.0.0.1 at 2024-10-02 10:27:50 -0500
Processing by UsersController#show as HTML
  Parameters: {"id"=>"5"}
  [1m[36mUser Load (0.1ms)[0m  [1m[34mSELECT "users".* FROM "users" WHERE "users"."id" = ? LIMIT ?[0m  [["id", 5], ["LIMIT", 1]]
  ↳ app/controllers/application_controller.rb:10:in `current_user'
  [1m[36mUser Load (0.0ms)[0m  [1m[34mSELECT "users".* FROM "users" WHERE "users"."id" = ? LIMIT ?[0m  [["id", 5], ["LIMIT", 1]]
  ↳ app/controllers/users_controller.rb:3:in `show'
  Rendering layout layouts/application.html.erb
  Rendering users/show.html.erb within layouts/application
  Rendered users/show.html.erb within layouts/application (Duration: 0.6ms | GC: 0.0ms)
  Rendered shared/_display_flash.html.erb (Duration: 0.3ms | GC: 0.0ms)
  Rendered layout layouts/application.html.erb (Duration: 3.3ms | GC: 0.0ms)
Completed 200 OK in 7ms (Views: 4.1ms | ActiveRecord: 0.1ms (2 queries, 0 cached) | GC: 0.0ms)


Started GET "/manifest.json" for 127.0.0.1 at 2024-10-02 10:27:51 -0500
Processing by Rails::PwaController#manifest as JSON
  Rendering pwa/manifest.json.erb
  Rendered pwa/manifest.json.erb (Duration: 0.1ms | GC: 0.0ms)
Completed 200 OK in 1ms (Views: 0.4ms | ActiveRecord: 0.0ms (0 queries, 0 cached) | GC: 0.0ms)


Started GET "/items" for 127.0.0.1 at 2024-10-02 10:27:52 -0500
Processing by ItemsController#index as HTML
  [1m[36mUser Load (0.1ms)[0m  [1m[34mSELECT "users".* FROM "users" WHERE "users"."id" = ? LIMIT ?[0m  [["id", 5], ["LIMIT", 1]]
  ↳ app/controllers/application_controller.rb:10:in `current_user'
  Rendering layout layouts/application.html.erb
  Rendering items/index.html.erb within layouts/application
  [1m[36mItem Load (0.3ms)[0m  [1m[34mSELECT "items".* FROM "items"[0m
  ↳ app/views/items/index.html.erb:16
  Rendered items/index.html.erb within layouts/application (Duration: 6.3ms | GC: 0.0ms)
  Rendered layout layouts/application.html.erb (Duration: 7.9ms | GC: 0.0ms)
Completed 200 OK in 13ms (Views: 8.0ms | ActiveRecord: 0.6ms (2 queries, 0 cached) | GC: 0.0ms)


  [1m[36mUser Load (2.6ms)[0m  [1m[34mSELECT "users".* FROM "users" /* loading for pp */ LIMIT ?[0m  [["LIMIT", 11]]
Started GET "/users/5" for 127.0.0.1 at 2024-10-02 10:30:32 -0500
Processing by UsersController#show as HTML
  Parameters: {"id"=>"5"}
  [1m[36mUser Load (0.5ms)[0m  [1m[34mSELECT "users".* FROM "users" WHERE "users"."id" = ? LIMIT ?[0m  [["id", 5], ["LIMIT", 1]]
  ↳ app/controllers/application_controller.rb:10:in `current_user'
  [1m[36mUser Load (0.0ms)[0m  [1m[34mSELECT "users".* FROM "users" WHERE "users"."id" = ? LIMIT ?[0m  [["id", 5], ["LIMIT", 1]]
  ↳ app/controllers/users_controller.rb:3:in `show'
  Rendering layout layouts/application.html.erb
  Rendering users/show.html.erb within layouts/application
  Rendered users/show.html.erb within layouts/application (Duration: 0.8ms | GC: 0.0ms)
  Rendered layout layouts/application.html.erb (Duration: 16.4ms | GC: 3.9ms)
Completed 200 OK in 30ms (Views: 17.7ms | ActiveRecord: 1.4ms (2 queries, 0 cached) | GC: 5.7ms)


Started GET "/manifest.json" for 127.0.0.1 at 2024-10-02 10:30:33 -0500
Processing by Rails::PwaController#manifest as JSON
  Rendering pwa/manifest.json.erb
  Rendered pwa/manifest.json.erb (Duration: 0.3ms | GC: 0.0ms)
Completed 200 OK in 2ms (Views: 1.3ms | ActiveRecord: 0.0ms (0 queries, 0 cached) | GC: 0.0ms)


Started GET "/logout" for 127.0.0.1 at 2024-10-02 10:30:36 -0500
Processing by SessionsController#logout as HTML
  [1m[36mUser Load (0.2ms)[0m  [1m[34mSELECT "users".* FROM "users" WHERE "users"."id" = ? LIMIT ?[0m  [["id", 5], ["LIMIT", 1]]
  ↳ app/controllers/application_controller.rb:10:in `current_user'
Redirected to http://127.0.0.1:3000/welcome/index
Completed 302 Found in 4ms (ActiveRecord: 0.1ms (1 query, 0 cached) | GC: 0.0ms)


Started GET "/welcome/index" for 127.0.0.1 at 2024-10-02 10:30:36 -0500
Processing by WelcomeController#index as HTML
  Rendering layout layouts/application.html.erb
  Rendering welcome/index.html.erb within layouts/application
  Rendered welcome/index.html.erb within layouts/application (Duration: 0.7ms | GC: 0.0ms)
  Rendered shared/_display_flash.html.erb (Duration: 0.3ms | GC: 0.0ms)
  Rendered layout layouts/application.html.erb (Duration: 3.0ms | GC: 0.0ms)
Completed 200 OK in 5ms (Views: 3.8ms | ActiveRecord: 0.0ms (0 queries, 0 cached) | GC: 0.0ms)


Started GET "/items" for 127.0.0.1 at 2024-10-02 10:30:38 -0500
Processing by ItemsController#index as HTML
Redirected to http://127.0.0.1:3000/welcome/index
Filter chain halted as :require_login rendered or redirected
Completed 302 Found in 2ms (ActiveRecord: 0.0ms (0 queries, 0 cached) | GC: 0.0ms)


Started GET "/welcome/index" for 127.0.0.1 at 2024-10-02 10:30:38 -0500
Processing by WelcomeController#index as HTML
  Rendering layout layouts/application.html.erb
  Rendering welcome/index.html.erb within layouts/application
  Rendered welcome/index.html.erb within layouts/application (Duration: 0.3ms | GC: 0.0ms)
  Rendered shared/_display_flash.html.erb (Duration: 0.0ms | GC: 0.0ms)
  Rendered layout layouts/application.html.erb (Duration: 2.0ms | GC: 0.0ms)
Completed 200 OK in 3ms (Views: 2.5ms | ActiveRecord: 0.0ms (0 queries, 0 cached) | GC: 0.0ms)


Started GET "/logout" for 127.0.0.1 at 2024-10-02 10:30:38 -0500
Processing by SessionsController#logout as HTML
Redirected to http://127.0.0.1:3000/welcome/index
Filter chain halted as :require_login rendered or redirected
Completed 302 Found in 2ms (ActiveRecord: 0.0ms (0 queries, 0 cached) | GC: 0.0ms)


Started GET "/welcome/index" for 127.0.0.1 at 2024-10-02 10:30:38 -0500
Processing by WelcomeController#index as HTML
  Rendering layout layouts/application.html.erb
  Rendering welcome/index.html.erb within layouts/application
  Rendered welcome/index.html.erb within layouts/application (Duration: 0.3ms | GC: 0.0ms)
  Rendered shared/_display_flash.html.erb (Duration: 0.0ms | GC: 0.0ms)
  Rendered layout layouts/application.html.erb (Duration: 1.9ms | GC: 0.0ms)
Completed 200 OK in 3ms (Views: 2.2ms | ActiveRecord: 0.0ms (0 queries, 0 cached) | GC: 0.0ms)


Started POST "/auth/google_oauth2" for 127.0.0.1 at 2024-10-02 10:30:43 -0500
Started GET "/auth/google_oauth2/callback?state=b3c60858e5a7094621836412e434c24a6dfc0736fdbad475&code=4%2F0AQlEd8xB4LJ09HK8OSJzVw_V5xiarHchw9Mc3H9QeaDvYxdFe2n6doFnV4ZOVsK612T8rQ&scope=email+profile+openid+https%3A%2F%2Fwww.googleapis.com%2Fauth%2Fuserinfo.profile+https%3A%2F%2Fwww.googleapis.com%2Fauth%2Fuserinfo.email&authuser=3&hd=tamu.edu&prompt=consent" for 127.0.0.1 at 2024-10-02 10:30:47 -0500
Processing by SessionsController#omniauth as HTML
  Parameters: {"state"=>"b3c60858e5a7094621836412e434c24a6dfc0736fdbad475", "code"=>"4/0AQlEd8xB4LJ09HK8OSJzVw_V5xiarHchw9Mc3H9QeaDvYxdFe2n6doFnV4ZOVsK612T8rQ", "scope"=>"email profile openid https://www.googleapis.com/auth/userinfo.profile https://www.googleapis.com/auth/userinfo.email", "authuser"=>"3", "hd"=>"tamu.edu", "prompt"=>"consent"}
  [1m[36mUser Load (0.6ms)[0m  [1m[34mSELECT "users".* FROM "users" WHERE "users"."user_id" IS NULL AND "users"."provider" = ? LIMIT ?[0m  [["provider", "google_oauth2"], ["LIMIT", 1]]
  ↳ app/controllers/sessions_controller.rb:12:in `omniauth'
Redirected to http://127.0.0.1:3000/users/5
Completed 302 Found in 7ms (ActiveRecord: 0.5ms (1 query, 0 cached) | GC: 0.0ms)


Started GET "/users/5" for 127.0.0.1 at 2024-10-02 10:30:48 -0500
Processing by UsersController#show as HTML
  Parameters: {"id"=>"5"}
  [1m[36mUser Load (0.2ms)[0m  [1m[34mSELECT "users".* FROM "users" WHERE "users"."id" = ? LIMIT ?[0m  [["id", 5], ["LIMIT", 1]]
  ↳ app/controllers/application_controller.rb:10:in `current_user'
  [1m[36mUser Load (0.1ms)[0m  [1m[34mSELECT "users".* FROM "users" WHERE "users"."id" = ? LIMIT ?[0m  [["id", 5], ["LIMIT", 1]]
  ↳ app/controllers/users_controller.rb:3:in `show'
  Rendering layout layouts/application.html.erb
  Rendering users/show.html.erb within layouts/application
  Rendered users/show.html.erb within layouts/application (Duration: 0.3ms | GC: 0.0ms)
  Rendered shared/_display_flash.html.erb (Duration: 0.0ms | GC: 0.0ms)
  Rendered layout layouts/application.html.erb (Duration: 2.8ms | GC: 0.0ms)
Completed 200 OK in 7ms (Views: 3.2ms | ActiveRecord: 0.3ms (2 queries, 0 cached) | GC: 0.0ms)


Started GET "/manifest.json" for 127.0.0.1 at 2024-10-02 10:30:48 -0500
Processing by Rails::PwaController#manifest as JSON
  Rendering pwa/manifest.json.erb
  Rendered pwa/manifest.json.erb (Duration: 0.1ms | GC: 0.0ms)
Completed 200 OK in 1ms (Views: 0.4ms | ActiveRecord: 0.0ms (0 queries, 0 cached) | GC: 0.0ms)


Started GET "/items" for 127.0.0.1 at 2024-10-02 10:30:49 -0500
Processing by ItemsController#index as HTML
  [1m[36mUser Load (0.2ms)[0m  [1m[34mSELECT "users".* FROM "users" WHERE "users"."id" = ? LIMIT ?[0m  [["id", 5], ["LIMIT", 1]]
  ↳ app/controllers/application_controller.rb:10:in `current_user'
  Rendering layout layouts/application.html.erb
  Rendering items/index.html.erb within layouts/application
  [1m[36mItem Load (0.5ms)[0m  [1m[34mSELECT "items".* FROM "items"[0m
  ↳ app/views/items/index.html.erb:16
  Rendered items/index.html.erb within layouts/application (Duration: 7.5ms | GC: 0.8ms)
  Rendered layout layouts/application.html.erb (Duration: 9.3ms | GC: 0.8ms)
Completed 200 OK in 26ms (Views: 9.9ms | ActiveRecord: 1.0ms (2 queries, 0 cached) | GC: 7.9ms)


Started GET "/logout" for 127.0.0.1 at 2024-10-02 10:31:07 -0500
Processing by SessionsController#logout as HTML
  [1m[36mUser Load (0.2ms)[0m  [1m[34mSELECT "users".* FROM "users" WHERE "users"."id" = ? LIMIT ?[0m  [["id", 5], ["LIMIT", 1]]
  ↳ app/controllers/application_controller.rb:10:in `current_user'
Redirected to http://127.0.0.1:3000/welcome/index
Completed 302 Found in 5ms (ActiveRecord: 0.2ms (1 query, 0 cached) | GC: 0.0ms)


Started GET "/welcome/index" for 127.0.0.1 at 2024-10-02 10:31:07 -0500
Processing by WelcomeController#index as HTML
  Rendering layout layouts/application.html.erb
  Rendering welcome/index.html.erb within layouts/application
  Rendered welcome/index.html.erb within layouts/application (Duration: 0.7ms | GC: 0.0ms)
  Rendered shared/_display_flash.html.erb (Duration: 0.0ms | GC: 0.0ms)
  Rendered layout layouts/application.html.erb (Duration: 3.2ms | GC: 0.0ms)
Completed 200 OK in 4ms (Views: 3.5ms | ActiveRecord: 0.0ms (0 queries, 0 cached) | GC: 0.0ms)


  [1m[35m (3.1ms)[0m  [1m[35mCREATE TABLE "schema_migrations" ("version" varchar NOT NULL PRIMARY KEY)[0m
  [1m[35m (0.1ms)[0m  [1m[35mCREATE TABLE "ar_internal_metadata" ("key" varchar NOT NULL PRIMARY KEY, "value" varchar, "created_at" datetime(6) NOT NULL, "updated_at" datetime(6) NOT NULL)[0m
  [1m[36mActiveRecord::InternalMetadata Load (0.1ms)[0m  [1m[34mSELECT * FROM "ar_internal_metadata" WHERE "ar_internal_metadata"."key" = ? ORDER BY "ar_internal_metadata"."key" ASC LIMIT 1[0m  [[nil, "environment"]]
  [1m[36mActiveRecord::InternalMetadata Create (0.1ms)[0m  [1m[32mINSERT INTO "ar_internal_metadata" ("key", "value", "created_at", "updated_at") VALUES ('environment', 'development', '2024-11-02 00:32:37.486281', '2024-11-02 00:32:37.486283') RETURNING "key"[0m
  [1m[36mActiveRecord::SchemaMigration Load (0.1ms)[0m  [1m[34mSELECT "schema_migrations"."version" FROM "schema_migrations" ORDER BY "schema_migrations"."version" ASC[0m
Migrating to CreateUsers (20230929050855)
  [1m[36mTRANSACTION (0.0ms)[0m  [1m[36mbegin transaction[0m
  [1m[35m (7.3ms)[0m  [1m[35mCREATE TABLE "users" ("id" integer PRIMARY KEY AUTOINCREMENT NOT NULL, "user_id" varchar, "name" varchar, "uin" varchar, "email" varchar, "contact_no" varchar, "role" varchar, "details" varchar, "auth_level" integer, "created_at" datetime(6) NOT NULL, "updated_at" datetime(6) NOT NULL)[0m
  [1m[36mActiveRecord::SchemaMigration Create (0.1ms)[0m  [1m[32mINSERT INTO "schema_migrations" ("version") VALUES ('20230929050855') RETURNING "version"[0m
  [1m[36mTRANSACTION (0.1ms)[0m  [1m[36mcommit transaction[0m
Migrating to CreateItems (20240929045348)
  [1m[36mTRANSACTION (0.0ms)[0m  [1m[36mbegin transaction[0m
  [1m[35m (1.8ms)[0m  [1m[35mCREATE TABLE "items" ("id" integer PRIMARY KEY AUTOINCREMENT NOT NULL, "item_id" varchar, "serial_number" varchar, "item_name" varchar, "category" varchar, "quality_score" integer, "currently_available" boolean, "image" varchar, "details" varchar, "created_at" datetime(6) NOT NULL, "updated_at" datetime(6) NOT NULL)[0m
  [1m[36mActiveRecord::SchemaMigration Create (0.1ms)[0m  [1m[32mINSERT INTO "schema_migrations" ("version") VALUES ('20240929045348') RETURNING "version"[0m
  [1m[36mTRANSACTION (0.1ms)[0m  [1m[36mcommit transaction[0m
Migrating to CreateNotes (20240929050420)
  [1m[36mTRANSACTION (0.0ms)[0m  [1m[36mbegin transaction[0m
  [1m[35m (1.9ms)[0m  [1m[35mCREATE TABLE "notes" ("id" integer PRIMARY KEY AUTOINCREMENT NOT NULL, "note_id" varchar, "item_id" integer NOT NULL, "msg" varchar, "user_id" integer NOT NULL, "image" varchar, "created_at" datetime(6) NOT NULL, "updated_at" datetime(6) NOT NULL, CONSTRAINT "fk_rails_722087f58f"
FOREIGN KEY ("item_id")
  REFERENCES "items" ("id")
, CONSTRAINT "fk_rails_7f2323ad43"
FOREIGN KEY ("user_id")
  REFERENCES "users" ("id")
)[0m
  [1m[35m (0.1ms)[0m  [1m[35mCREATE INDEX "index_notes_on_item_id" ON "notes" ("item_id")[0m
  [1m[35m (0.1ms)[0m  [1m[35mCREATE INDEX "index_notes_on_user_id" ON "notes" ("user_id")[0m
  [1m[36mActiveRecord::SchemaMigration Create (0.1ms)[0m  [1m[32mINSERT INTO "schema_migrations" ("version") VALUES ('20240929050420') RETURNING "version"[0m
  [1m[36mTRANSACTION (0.1ms)[0m  [1m[36mcommit transaction[0m
Migrating to CreateEvents (20240929051902)
  [1m[36mTRANSACTION (0.0ms)[0m  [1m[36mbegin transaction[0m
  [1m[35m (1.8ms)[0m  [1m[35mCREATE TABLE "events" ("id" integer PRIMARY KEY AUTOINCREMENT NOT NULL, "event_id" varchar, "item_id" integer NOT NULL, "event_type" varchar, "associated_user_id" integer NOT NULL, "associated_student_id" integer, "location" varchar, "details" varchar, "created_at" datetime(6) NOT NULL, "updated_at" datetime(6) NOT NULL, CONSTRAINT "fk_rails_a975f9d7df"
FOREIGN KEY ("item_id")
  REFERENCES "items" ("id")
, CONSTRAINT "fk_rails_9c71536d41"
FOREIGN KEY ("associated_user_id")
  REFERENCES "users" ("id")
, CONSTRAINT "fk_rails_37dc0be738"
FOREIGN KEY ("associated_student_id")
  REFERENCES "users" ("id")
)[0m
  [1m[35m (0.1ms)[0m  [1m[35mCREATE INDEX "index_events_on_item_id" ON "events" ("item_id")[0m
  [1m[35m (0.1ms)[0m  [1m[35mCREATE INDEX "index_events_on_associated_user_id" ON "events" ("associated_user_id")[0m
  [1m[35m (0.1ms)[0m  [1m[35mCREATE INDEX "index_events_on_associated_student_id" ON "events" ("associated_student_id")[0m
  [1m[36mActiveRecord::SchemaMigration Create (0.1ms)[0m  [1m[32mINSERT INTO "schema_migrations" ("version") VALUES ('20240929051902') RETURNING "version"[0m
  [1m[36mTRANSACTION (0.1ms)[0m  [1m[36mcommit transaction[0m
Migrating to AddOauthDetailsToUsers (20241002052921)
  [1m[36mTRANSACTION (0.0ms)[0m  [1m[36mbegin transaction[0m
  [1m[35m (1.9ms)[0m  [1m[35mALTER TABLE "users" ADD "provider" varchar[0m
  [1m[36mActiveRecord::SchemaMigration Create (0.1ms)[0m  [1m[32mINSERT INTO "schema_migrations" ("version") VALUES ('20241002052921') RETURNING "version"[0m
  [1m[36mTRANSACTION (0.1ms)[0m  [1m[36mcommit transaction[0m
Migrating to AddFirstAndLastNameToUsers (20241002063008)
  [1m[36mTRANSACTION (0.0ms)[0m  [1m[36mbegin transaction[0m
  [1m[35m (2.2ms)[0m  [1m[35mALTER TABLE "users" ADD "first_name" varchar[0m
  [1m[35m (0.2ms)[0m  [1m[35mALTER TABLE "users" ADD "last_name" varchar[0m
  [1m[36mActiveRecord::SchemaMigration Create (0.1ms)[0m  [1m[32mINSERT INTO "schema_migrations" ("version") VALUES ('20241002063008') RETURNING "version"[0m
  [1m[36mTRANSACTION (0.1ms)[0m  [1m[36mcommit transaction[0m
Migrating to AddStatusAndCommentToItems (20241015055118)
  [1m[36mTRANSACTION (0.1ms)[0m  [1m[36mbegin transaction[0m
  [1m[35m (2.1ms)[0m  [1m[35mALTER TABLE "items" ADD "status" varchar[0m
  [1m[35m (0.2ms)[0m  [1m[35mALTER TABLE "items" ADD "comment" text[0m
  [1m[36mActiveRecord::SchemaMigration Create (0.1ms)[0m  [1m[32mINSERT INTO "schema_migrations" ("version") VALUES ('20241015055118') RETURNING "version"[0m
  [1m[36mTRANSACTION (0.1ms)[0m  [1m[36mcommit transaction[0m
Migrating to CreateAdmins (20241030192044)
  [1m[36mTRANSACTION (0.0ms)[0m  [1m[36mbegin transaction[0m
  [1m[35m (2.0ms)[0m  [1m[35mCREATE TABLE "admins" ("id" integer PRIMARY KEY AUTOINCREMENT NOT NULL, "username" varchar NOT NULL, "password_digest" varchar NOT NULL, "created_at" datetime(6) NOT NULL, "updated_at" datetime(6) NOT NULL)[0m
  [1m[35m (0.1ms)[0m  [1m[35mCREATE UNIQUE INDEX "index_admins_on_username" ON "admins" ("username")[0m
  [1m[36mActiveRecord::SchemaMigration Create (0.1ms)[0m  [1m[32mINSERT INTO "schema_migrations" ("version") VALUES ('20241030192044') RETURNING "version"[0m
  [1m[36mTRANSACTION (0.1ms)[0m  [1m[36mcommit transaction[0m
  [1m[36mActiveRecord::SchemaMigration Load (0.0ms)[0m  [1m[34mSELECT "schema_migrations"."version" FROM "schema_migrations" ORDER BY "schema_migrations"."version" ASC[0m
  [1m[36mActiveRecord::SchemaMigration Load (0.1ms)[0m  [1m[34mSELECT "schema_migrations"."version" FROM "schema_migrations" ORDER BY "schema_migrations"."version" ASC[0m
  [1m[36mActiveRecord::InternalMetadata Load (0.1ms)[0m  [1m[34mSELECT * FROM "ar_internal_metadata" WHERE "ar_internal_metadata"."key" = ? ORDER BY "ar_internal_metadata"."key" ASC LIMIT 1[0m  [[nil, "environment"]]
  [1m[36mActiveRecord::SchemaMigration Load (0.0ms)[0m  [1m[34mSELECT "schema_migrations"."version" FROM "schema_migrations" ORDER BY "schema_migrations"."version" ASC[0m
  [1m[36mActiveRecord::InternalMetadata Load (0.1ms)[0m  [1m[34mSELECT * FROM "ar_internal_metadata" WHERE "ar_internal_metadata"."key" = ? ORDER BY "ar_internal_metadata"."key" ASC LIMIT 1[0m  [[nil, "environment"]]
  [1m[36mActiveRecord::SchemaMigration Load (0.0ms)[0m  [1m[34mSELECT "schema_migrations"."version" FROM "schema_migrations" ORDER BY "schema_migrations"."version" ASC[0m
  [1m[36mActiveRecord::InternalMetadata Load (0.1ms)[0m  [1m[34mSELECT * FROM "ar_internal_metadata" WHERE "ar_internal_metadata"."key" = ? ORDER BY "ar_internal_metadata"."key" ASC LIMIT 1[0m  [[nil, "environment"]]
  [1m[35m (0.4ms)[0m  [1m[35mDROP TABLE IF EXISTS "admins"[0m
  [1m[35m (3.7ms)[0m  [1m[35mCREATE TABLE "admins" ("id" integer PRIMARY KEY AUTOINCREMENT NOT NULL, "username" varchar NOT NULL, "password_digest" varchar NOT NULL, "created_at" datetime(6) NOT NULL, "updated_at" datetime(6) NOT NULL)[0m
  [1m[35m (0.3ms)[0m  [1m[35mCREATE UNIQUE INDEX "index_admins_on_username" ON "admins" ("username")[0m
  [1m[35m (0.1ms)[0m  [1m[35mDROP TABLE IF EXISTS "events"[0m
  [1m[35m (0.2ms)[0m  [1m[35mCREATE TABLE "events" ("id" integer PRIMARY KEY AUTOINCREMENT NOT NULL, "event_id" varchar, "item_id" integer NOT NULL, "event_type" varchar, "associated_user_id" integer NOT NULL, "associated_student_id" integer, "location" varchar, "details" varchar, "created_at" datetime(6) NOT NULL, "updated_at" datetime(6) NOT NULL)[0m
  [1m[35m (0.2ms)[0m  [1m[35mCREATE INDEX "index_events_on_associated_student_id" ON "events" ("associated_student_id")[0m
  [1m[35m (0.2ms)[0m  [1m[35mCREATE INDEX "index_events_on_associated_user_id" ON "events" ("associated_user_id")[0m
  [1m[35m (0.1ms)[0m  [1m[35mCREATE INDEX "index_events_on_item_id" ON "events" ("item_id")[0m
  [1m[35m (0.0ms)[0m  [1m[35mDROP TABLE IF EXISTS "items"[0m
  [1m[35m (0.1ms)[0m  [1m[35mCREATE TABLE "items" ("id" integer PRIMARY KEY AUTOINCREMENT NOT NULL, "item_id" varchar, "serial_number" varchar, "item_name" varchar, "category" varchar, "quality_score" integer, "currently_available" boolean, "image" varchar, "details" varchar, "created_at" datetime(6) NOT NULL, "updated_at" datetime(6) NOT NULL, "status" varchar, "comment" text)[0m
  [1m[35m (0.0ms)[0m  [1m[35mDROP TABLE IF EXISTS "notes"[0m
  [1m[35m (0.2ms)[0m  [1m[35mCREATE TABLE "notes" ("id" integer PRIMARY KEY AUTOINCREMENT NOT NULL, "note_id" varchar, "item_id" integer NOT NULL, "msg" varchar, "user_id" integer NOT NULL, "image" varchar, "created_at" datetime(6) NOT NULL, "updated_at" datetime(6) NOT NULL)[0m
  [1m[35m (0.1ms)[0m  [1m[35mCREATE INDEX "index_notes_on_item_id" ON "notes" ("item_id")[0m
  [1m[35m (0.1ms)[0m  [1m[35mCREATE INDEX "index_notes_on_user_id" ON "notes" ("user_id")[0m
  [1m[35m (0.0ms)[0m  [1m[35mDROP TABLE IF EXISTS "users"[0m
  [1m[35m (0.1ms)[0m  [1m[35mCREATE TABLE "users" ("id" integer PRIMARY KEY AUTOINCREMENT NOT NULL, "user_id" varchar, "name" varchar, "uin" varchar, "email" varchar, "contact_no" varchar, "role" varchar, "details" varchar, "auth_level" integer, "created_at" datetime(6) NOT NULL, "updated_at" datetime(6) NOT NULL, "provider" varchar, "first_name" varchar, "last_name" varchar)[0m
  [1m[36mTRANSACTION (0.0ms)[0m  [1m[36mbegin transaction[0m
  [1m[35m (1.7ms)[0m  [1m[35mPRAGMA foreign_keys[0m
  [1m[35m (0.0ms)[0m  [1m[35mPRAGMA defer_foreign_keys[0m
  [1m[35m (0.0ms)[0m  [1m[35mPRAGMA defer_foreign_keys = ON[0m
  [1m[35m (0.0ms)[0m  [1m[35mPRAGMA foreign_keys = OFF[0m
  [1m[35m (0.1ms)[0m  [1m[35mCREATE TEMPORARY TABLE "aevents" ("id" integer PRIMARY KEY AUTOINCREMENT NOT NULL, "event_id" varchar, "item_id" integer NOT NULL, "event_type" varchar, "associated_user_id" integer NOT NULL, "associated_student_id" integer, "location" varchar, "details" varchar, "created_at" datetime(6) NOT NULL, "updated_at" datetime(6) NOT NULL)[0m
  [1m[35m (0.1ms)[0m  [1m[35mCREATE INDEX "tindex_aevents_on_item_id" ON "aevents" ("item_id")[0m
  [1m[35m (0.1ms)[0m  [1m[35mCREATE INDEX "tindex_aevents_on_associated_user_id" ON "aevents" ("associated_user_id")[0m
  [1m[35m (0.1ms)[0m  [1m[35mCREATE INDEX "tindex_aevents_on_associated_student_id" ON "aevents" ("associated_student_id")[0m
  [1m[35m (0.0ms)[0m  [1m[32mINSERT INTO "aevents" ("id","event_id","item_id","event_type","associated_user_id","associated_student_id","location","details","created_at","updated_at")
                     SELECT "id","event_id","item_id","event_type","associated_user_id","associated_student_id","location","details","created_at","updated_at" FROM "events"[0m
  [1m[35m (0.2ms)[0m  [1m[35mDROP TABLE "events"[0m
  [1m[35m (0.1ms)[0m  [1m[35mCREATE TABLE "events" ("id" integer PRIMARY KEY AUTOINCREMENT NOT NULL, "event_id" varchar, "item_id" integer NOT NULL, "event_type" varchar, "associated_user_id" integer NOT NULL, "associated_student_id" integer, "location" varchar, "details" varchar, "created_at" datetime(6) NOT NULL, "updated_at" datetime(6) NOT NULL, CONSTRAINT "fk_rails_a975f9d7df"
FOREIGN KEY ("item_id")
  REFERENCES "items" ("id")
)[0m
  [1m[35m (0.1ms)[0m  [1m[35mCREATE INDEX "index_events_on_associated_student_id" ON "events" ("associated_student_id")[0m
  [1m[35m (0.1ms)[0m  [1m[35mCREATE INDEX "index_events_on_associated_user_id" ON "events" ("associated_user_id")[0m
  [1m[35m (0.1ms)[0m  [1m[35mCREATE INDEX "index_events_on_item_id" ON "events" ("item_id")[0m
  [1m[35m (0.1ms)[0m  [1m[32mINSERT INTO "events" ("id","event_id","item_id","event_type","associated_user_id","associated_student_id","location","details","created_at","updated_at")
                     SELECT "id","event_id","item_id","event_type","associated_user_id","associated_student_id","location","details","created_at","updated_at" FROM "aevents"[0m
  [1m[35m (0.2ms)[0m  [1m[35mDROP TABLE "aevents"[0m
  [1m[35m (0.0ms)[0m  [1m[35mPRAGMA defer_foreign_keys = 0[0m
  [1m[35m (0.0ms)[0m  [1m[35mPRAGMA foreign_keys = 1[0m
  [1m[36mTRANSACTION (0.1ms)[0m  [1m[36mcommit transaction[0m
  [1m[36mTRANSACTION (0.0ms)[0m  [1m[36mbegin transaction[0m
  [1m[35m (2.3ms)[0m  [1m[35mPRAGMA foreign_keys[0m
  [1m[35m (0.0ms)[0m  [1m[35mPRAGMA defer_foreign_keys[0m
  [1m[35m (0.0ms)[0m  [1m[35mPRAGMA defer_foreign_keys = ON[0m
  [1m[35m (0.0ms)[0m  [1m[35mPRAGMA foreign_keys = OFF[0m
  [1m[35m (0.1ms)[0m  [1m[35mCREATE TEMPORARY TABLE "aevents" ("id" integer PRIMARY KEY AUTOINCREMENT NOT NULL, "event_id" varchar, "item_id" integer NOT NULL, "event_type" varchar, "associated_user_id" integer NOT NULL, "associated_student_id" integer, "location" varchar, "details" varchar, "created_at" datetime(6) NOT NULL, "updated_at" datetime(6) NOT NULL)[0m
  [1m[35m (0.1ms)[0m  [1m[35mCREATE INDEX "tindex_aevents_on_item_id" ON "aevents" ("item_id")[0m
  [1m[35m (0.1ms)[0m  [1m[35mCREATE INDEX "tindex_aevents_on_associated_user_id" ON "aevents" ("associated_user_id")[0m
  [1m[35m (0.1ms)[0m  [1m[35mCREATE INDEX "tindex_aevents_on_associated_student_id" ON "aevents" ("associated_student_id")[0m
  [1m[35m (0.0ms)[0m  [1m[32mINSERT INTO "aevents" ("id","event_id","item_id","event_type","associated_user_id","associated_student_id","location","details","created_at","updated_at")
                     SELECT "id","event_id","item_id","event_type","associated_user_id","associated_student_id","location","details","created_at","updated_at" FROM "events"[0m
  [1m[35m (0.2ms)[0m  [1m[35mDROP TABLE "events"[0m
  [1m[35m (0.1ms)[0m  [1m[35mCREATE TABLE "events" ("id" integer PRIMARY KEY AUTOINCREMENT NOT NULL, "event_id" varchar, "item_id" integer NOT NULL, "event_type" varchar, "associated_user_id" integer NOT NULL, "associated_student_id" integer, "location" varchar, "details" varchar, "created_at" datetime(6) NOT NULL, "updated_at" datetime(6) NOT NULL, CONSTRAINT "fk_rails_a975f9d7df"
FOREIGN KEY ("item_id")
  REFERENCES "items" ("id")
, CONSTRAINT "fk_rails_37dc0be738"
FOREIGN KEY ("associated_student_id")
  REFERENCES "users" ("id")
)[0m
  [1m[35m (0.1ms)[0m  [1m[35mCREATE INDEX "index_events_on_associated_student_id" ON "events" ("associated_student_id")[0m
  [1m[35m (0.1ms)[0m  [1m[35mCREATE INDEX "index_events_on_associated_user_id" ON "events" ("associated_user_id")[0m
  [1m[35m (0.1ms)[0m  [1m[35mCREATE INDEX "index_events_on_item_id" ON "events" ("item_id")[0m
  [1m[35m (0.1ms)[0m  [1m[32mINSERT INTO "events" ("id","event_id","item_id","event_type","associated_user_id","associated_student_id","location","details","created_at","updated_at")
                     SELECT "id","event_id","item_id","event_type","associated_user_id","associated_student_id","location","details","created_at","updated_at" FROM "aevents"[0m
  [1m[35m (0.1ms)[0m  [1m[35mDROP TABLE "aevents"[0m
  [1m[35m (0.0ms)[0m  [1m[35mPRAGMA defer_foreign_keys = 0[0m
  [1m[35m (0.0ms)[0m  [1m[35mPRAGMA foreign_keys = 1[0m
  [1m[36mTRANSACTION (0.1ms)[0m  [1m[36mcommit transaction[0m
  [1m[36mTRANSACTION (0.0ms)[0m  [1m[36mbegin transaction[0m
  [1m[35m (1.6ms)[0m  [1m[35mPRAGMA foreign_keys[0m
  [1m[35m (0.0ms)[0m  [1m[35mPRAGMA defer_foreign_keys[0m
  [1m[35m (0.0ms)[0m  [1m[35mPRAGMA defer_foreign_keys = ON[0m
  [1m[35m (0.0ms)[0m  [1m[35mPRAGMA foreign_keys = OFF[0m
  [1m[35m (0.1ms)[0m  [1m[35mCREATE TEMPORARY TABLE "aevents" ("id" integer PRIMARY KEY AUTOINCREMENT NOT NULL, "event_id" varchar, "item_id" integer NOT NULL, "event_type" varchar, "associated_user_id" integer NOT NULL, "associated_student_id" integer, "location" varchar, "details" varchar, "created_at" datetime(6) NOT NULL, "updated_at" datetime(6) NOT NULL)[0m
  [1m[35m (0.1ms)[0m  [1m[35mCREATE INDEX "tindex_aevents_on_item_id" ON "aevents" ("item_id")[0m
  [1m[35m (0.1ms)[0m  [1m[35mCREATE INDEX "tindex_aevents_on_associated_user_id" ON "aevents" ("associated_user_id")[0m
  [1m[35m (0.1ms)[0m  [1m[35mCREATE INDEX "tindex_aevents_on_associated_student_id" ON "aevents" ("associated_student_id")[0m
  [1m[35m (0.0ms)[0m  [1m[32mINSERT INTO "aevents" ("id","event_id","item_id","event_type","associated_user_id","associated_student_id","location","details","created_at","updated_at")
                     SELECT "id","event_id","item_id","event_type","associated_user_id","associated_student_id","location","details","created_at","updated_at" FROM "events"[0m
  [1m[35m (0.1ms)[0m  [1m[35mDROP TABLE "events"[0m
  [1m[35m (0.1ms)[0m  [1m[35mCREATE TABLE "events" ("id" integer PRIMARY KEY AUTOINCREMENT NOT NULL, "event_id" varchar, "item_id" integer NOT NULL, "event_type" varchar, "associated_user_id" integer NOT NULL, "associated_student_id" integer, "location" varchar, "details" varchar, "created_at" datetime(6) NOT NULL, "updated_at" datetime(6) NOT NULL, CONSTRAINT "fk_rails_37dc0be738"
FOREIGN KEY ("associated_student_id")
  REFERENCES "users" ("id")
, CONSTRAINT "fk_rails_a975f9d7df"
FOREIGN KEY ("item_id")
  REFERENCES "items" ("id")
, CONSTRAINT "fk_rails_9c71536d41"
FOREIGN KEY ("associated_user_id")
  REFERENCES "users" ("id")
)[0m
  [1m[35m (0.1ms)[0m  [1m[35mCREATE INDEX "index_events_on_associated_student_id" ON "events" ("associated_student_id")[0m
  [1m[35m (0.1ms)[0m  [1m[35mCREATE INDEX "index_events_on_associated_user_id" ON "events" ("associated_user_id")[0m
  [1m[35m (0.1ms)[0m  [1m[35mCREATE INDEX "index_events_on_item_id" ON "events" ("item_id")[0m
  [1m[35m (0.0ms)[0m  [1m[32mINSERT INTO "events" ("id","event_id","item_id","event_type","associated_user_id","associated_student_id","location","details","created_at","updated_at")
                     SELECT "id","event_id","item_id","event_type","associated_user_id","associated_student_id","location","details","created_at","updated_at" FROM "aevents"[0m
  [1m[35m (0.1ms)[0m  [1m[35mDROP TABLE "aevents"[0m
  [1m[35m (0.0ms)[0m  [1m[35mPRAGMA defer_foreign_keys = 0[0m
  [1m[35m (0.1ms)[0m  [1m[35mPRAGMA foreign_keys = 1[0m
  [1m[36mTRANSACTION (0.1ms)[0m  [1m[36mcommit transaction[0m
  [1m[36mTRANSACTION (0.0ms)[0m  [1m[36mbegin transaction[0m
  [1m[35m (1.6ms)[0m  [1m[35mPRAGMA foreign_keys[0m
  [1m[35m (0.0ms)[0m  [1m[35mPRAGMA defer_foreign_keys[0m
  [1m[35m (0.0ms)[0m  [1m[35mPRAGMA defer_foreign_keys = ON[0m
  [1m[35m (0.1ms)[0m  [1m[35mPRAGMA foreign_keys = OFF[0m
  [1m[35m (0.1ms)[0m  [1m[35mCREATE TEMPORARY TABLE "anotes" ("id" integer PRIMARY KEY AUTOINCREMENT NOT NULL, "note_id" varchar, "item_id" integer NOT NULL, "msg" varchar, "user_id" integer NOT NULL, "image" varchar, "created_at" datetime(6) NOT NULL, "updated_at" datetime(6) NOT NULL)[0m
  [1m[35m (0.2ms)[0m  [1m[35mCREATE INDEX "tindex_anotes_on_user_id" ON "anotes" ("user_id")[0m
  [1m[35m (0.1ms)[0m  [1m[35mCREATE INDEX "tindex_anotes_on_item_id" ON "anotes" ("item_id")[0m
  [1m[35m (0.0ms)[0m  [1m[32mINSERT INTO "anotes" ("id","note_id","item_id","msg","user_id","image","created_at","updated_at")
                     SELECT "id","note_id","item_id","msg","user_id","image","created_at","updated_at" FROM "notes"[0m
  [1m[35m (0.1ms)[0m  [1m[35mDROP TABLE "notes"[0m
  [1m[35m (0.1ms)[0m  [1m[35mCREATE TABLE "notes" ("id" integer PRIMARY KEY AUTOINCREMENT NOT NULL, "note_id" varchar, "item_id" integer NOT NULL, "msg" varchar, "user_id" integer NOT NULL, "image" varchar, "created_at" datetime(6) NOT NULL, "updated_at" datetime(6) NOT NULL, CONSTRAINT "fk_rails_722087f58f"
FOREIGN KEY ("item_id")
  REFERENCES "items" ("id")
)[0m
  [1m[35m (0.1ms)[0m  [1m[35mCREATE INDEX "index_notes_on_item_id" ON "notes" ("item_id")[0m
  [1m[35m (0.1ms)[0m  [1m[35mCREATE INDEX "index_notes_on_user_id" ON "notes" ("user_id")[0m
  [1m[35m (0.0ms)[0m  [1m[32mINSERT INTO "notes" ("id","note_id","item_id","msg","user_id","image","created_at","updated_at")
                     SELECT "id","note_id","item_id","msg","user_id","image","created_at","updated_at" FROM "anotes"[0m
  [1m[35m (0.1ms)[0m  [1m[35mDROP TABLE "anotes"[0m
  [1m[35m (0.0ms)[0m  [1m[35mPRAGMA defer_foreign_keys = 0[0m
  [1m[35m (0.0ms)[0m  [1m[35mPRAGMA foreign_keys = 1[0m
  [1m[36mTRANSACTION (0.1ms)[0m  [1m[36mcommit transaction[0m
  [1m[36mTRANSACTION (0.0ms)[0m  [1m[36mbegin transaction[0m
  [1m[35m (1.7ms)[0m  [1m[35mPRAGMA foreign_keys[0m
  [1m[35m (0.0ms)[0m  [1m[35mPRAGMA defer_foreign_keys[0m
  [1m[35m (0.0ms)[0m  [1m[35mPRAGMA defer_foreign_keys = ON[0m
  [1m[35m (0.0ms)[0m  [1m[35mPRAGMA foreign_keys = OFF[0m
  [1m[35m (0.1ms)[0m  [1m[35mCREATE TEMPORARY TABLE "anotes" ("id" integer PRIMARY KEY AUTOINCREMENT NOT NULL, "note_id" varchar, "item_id" integer NOT NULL, "msg" varchar, "user_id" integer NOT NULL, "image" varchar, "created_at" datetime(6) NOT NULL, "updated_at" datetime(6) NOT NULL)[0m
  [1m[35m (0.1ms)[0m  [1m[35mCREATE INDEX "tindex_anotes_on_user_id" ON "anotes" ("user_id")[0m
  [1m[35m (0.1ms)[0m  [1m[35mCREATE INDEX "tindex_anotes_on_item_id" ON "anotes" ("item_id")[0m
  [1m[35m (0.0ms)[0m  [1m[32mINSERT INTO "anotes" ("id","note_id","item_id","msg","user_id","image","created_at","updated_at")
                     SELECT "id","note_id","item_id","msg","user_id","image","created_at","updated_at" FROM "notes"[0m
  [1m[35m (0.2ms)[0m  [1m[35mDROP TABLE "notes"[0m
  [1m[35m (0.1ms)[0m  [1m[35mCREATE TABLE "notes" ("id" integer PRIMARY KEY AUTOINCREMENT NOT NULL, "note_id" varchar, "item_id" integer NOT NULL, "msg" varchar, "user_id" integer NOT NULL, "image" varchar, "created_at" datetime(6) NOT NULL, "updated_at" datetime(6) NOT NULL, CONSTRAINT "fk_rails_722087f58f"
FOREIGN KEY ("item_id")
  REFERENCES "items" ("id")
, CONSTRAINT "fk_rails_7f2323ad43"
FOREIGN KEY ("user_id")
  REFERENCES "users" ("id")
)[0m
  [1m[35m (0.1ms)[0m  [1m[35mCREATE INDEX "index_notes_on_item_id" ON "notes" ("item_id")[0m
  [1m[35m (0.1ms)[0m  [1m[35mCREATE INDEX "index_notes_on_user_id" ON "notes" ("user_id")[0m
  [1m[35m (0.0ms)[0m  [1m[32mINSERT INTO "notes" ("id","note_id","item_id","msg","user_id","image","created_at","updated_at")
                     SELECT "id","note_id","item_id","msg","user_id","image","created_at","updated_at" FROM "anotes"[0m
  [1m[35m (0.1ms)[0m  [1m[35mDROP TABLE "anotes"[0m
  [1m[35m (0.0ms)[0m  [1m[35mPRAGMA defer_foreign_keys = 0[0m
  [1m[35m (0.0ms)[0m  [1m[35mPRAGMA foreign_keys = 1[0m
  [1m[36mTRANSACTION (0.1ms)[0m  [1m[36mcommit transaction[0m
  [1m[35m (0.2ms)[0m  [1m[35mCREATE TABLE "schema_migrations" ("version" varchar NOT NULL PRIMARY KEY)[0m
  [1m[36mActiveRecord::SchemaMigration Load (0.0ms)[0m  [1m[34mSELECT "schema_migrations"."version" FROM "schema_migrations" ORDER BY "schema_migrations"."version" ASC[0m
  [1m[35m (0.1ms)[0m  [1m[32mINSERT INTO "schema_migrations" (version) VALUES (20241030192044)[0m
  [1m[35m (0.1ms)[0m  [1m[32mINSERT INTO "schema_migrations" (version) VALUES
(20241015055118),
(20241002063008),
(20241002052921),
(20240929051902),
(20240929050420),
(20240929045348),
(20230929050855);[0m
  [1m[35m (0.1ms)[0m  [1m[35mCREATE TABLE "ar_internal_metadata" ("key" varchar NOT NULL PRIMARY KEY, "value" varchar, "created_at" datetime(6) NOT NULL, "updated_at" datetime(6) NOT NULL)[0m
  [1m[36mActiveRecord::InternalMetadata Load (0.1ms)[0m  [1m[34mSELECT * FROM "ar_internal_metadata" WHERE "ar_internal_metadata"."key" = ? ORDER BY "ar_internal_metadata"."key" ASC LIMIT 1[0m  [[nil, "environment"]]
  [1m[36mActiveRecord::InternalMetadata Create (0.1ms)[0m  [1m[32mINSERT INTO "ar_internal_metadata" ("key", "value", "created_at", "updated_at") VALUES ('environment', 'development', '2024-11-02 00:32:47.013176', '2024-11-02 00:32:47.013179') RETURNING "key"[0m
  [1m[36mActiveRecord::InternalMetadata Load (0.1ms)[0m  [1m[34mSELECT * FROM "ar_internal_metadata" WHERE "ar_internal_metadata"."key" = ? ORDER BY "ar_internal_metadata"."key" ASC LIMIT 1[0m  [[nil, "environment"]]
  [1m[36mActiveRecord::InternalMetadata Update (0.1ms)[0m  [1m[33mUPDATE "ar_internal_metadata" SET "value" = 'test', "updated_at" = '2024-11-02 00:32:47.018295' WHERE "ar_internal_metadata"."key" = 'environment'[0m
  [1m[36mActiveRecord::InternalMetadata Load (0.0ms)[0m  [1m[34mSELECT * FROM "ar_internal_metadata" WHERE "ar_internal_metadata"."key" = ? ORDER BY "ar_internal_metadata"."key" ASC LIMIT 1[0m  [[nil, "schema_sha1"]]
  [1m[36mActiveRecord::InternalMetadata Create (0.1ms)[0m  [1m[32mINSERT INTO "ar_internal_metadata" ("key", "value", "created_at", "updated_at") VALUES ('schema_sha1', 'ac5f162b9378d29bb4bd2d2290f2fd2507c188ac', '2024-11-02 00:32:47.021143', '2024-11-02 00:32:47.021145') RETURNING "key"[0m
